(node:165210) [DEP0040] DeprecationWarning: The `punycode` module is deprecated. Please use a userland alternative instead.
(Use `node --trace-deprecation ...` to show where the warning was created)
[32m[Nest] 165210  - [39m12/07/2025, 3:06:32 PM [32m    LOG[39m [38;5;3m[NestFactory] [39m[32mStarting Nest application...[39m
[32m[Nest] 165210  - [39m12/07/2025, 3:06:32 PM [32m    LOG[39m [38;5;3m[InstanceLoader] [39m[32mTypeOrmModule dependencies initialized[39m[38;5;3m +20ms[39m
[32m[Nest] 165210  - [39m12/07/2025, 3:06:32 PM [32m    LOG[39m [38;5;3m[InstanceLoader] [39m[32mPassportModule dependencies initialized[39m[38;5;3m +0ms[39m
[32m[Nest] 165210  - [39m12/07/2025, 3:06:32 PM [32m    LOG[39m [38;5;3m[InstanceLoader] [39m[32mConfigHostModule dependencies initialized[39m[38;5;3m +0ms[39m
[32m[Nest] 165210  - [39m12/07/2025, 3:06:32 PM [32m    LOG[39m [38;5;3m[InstanceLoader] [39m[32mWinstonModule dependencies initialized[39m[38;5;3m +0ms[39m
[32m[Nest] 165210  - [39m12/07/2025, 3:06:32 PM [32m    LOG[39m [38;5;3m[InstanceLoader] [39m[32mJwtModule dependencies initialized[39m[38;5;3m +0ms[39m
[32m[Nest] 165210  - [39m12/07/2025, 3:06:32 PM [32m    LOG[39m [38;5;3m[InstanceLoader] [39m[32mAppModule dependencies initialized[39m[38;5;3m +0ms[39m
[32m[Nest] 165210  - [39m12/07/2025, 3:06:32 PM [32m    LOG[39m [38;5;3m[InstanceLoader] [39m[32mMercadoPagoModule dependencies initialized[39m[38;5;3m +1ms[39m
[32m[Nest] 165210  - [39m12/07/2025, 3:06:32 PM [32m    LOG[39m [38;5;3m[InstanceLoader] [39m[32mConfigModule dependencies initialized[39m[38;5;3m +0ms[39m
[32m[Nest] 165210  - [39m12/07/2025, 3:06:32 PM [32m    LOG[39m [38;5;3m[InstanceLoader] [39m[32mServeStaticModule dependencies initialized[39m[38;5;3m +0ms[39m
[32m[Nest] 165210  - [39m12/07/2025, 3:06:32 PM [32m    LOG[39m [38;5;3m[InstanceLoader] [39m[32mStorageModule dependencies initialized[39m[38;5;3m +0ms[39m
[32m[Nest] 165210  - [39m12/07/2025, 3:06:32 PM [32m    LOG[39m [38;5;3m[InstanceLoader] [39m[32mTypeOrmCoreModule dependencies initialized[39m[38;5;3m +42ms[39m
[32m[Nest] 165210  - [39m12/07/2025, 3:06:32 PM [32m    LOG[39m [38;5;3m[InstanceLoader] [39m[32mTypeOrmModule dependencies initialized[39m[38;5;3m +0ms[39m
[32m[Nest] 165210  - [39m12/07/2025, 3:06:32 PM [32m    LOG[39m [38;5;3m[InstanceLoader] [39m[32mTypeOrmModule dependencies initialized[39m[38;5;3m +0ms[39m
[32m[Nest] 165210  - [39m12/07/2025, 3:06:32 PM [32m    LOG[39m [38;5;3m[InstanceLoader] [39m[32mTypeOrmModule dependencies initialized[39m[38;5;3m +0ms[39m
[32m[Nest] 165210  - [39m12/07/2025, 3:06:32 PM [32m    LOG[39m [38;5;3m[InstanceLoader] [39m[32mTypeOrmModule dependencies initialized[39m[38;5;3m +0ms[39m
[32m[Nest] 165210  - [39m12/07/2025, 3:06:32 PM [32m    LOG[39m [38;5;3m[InstanceLoader] [39m[32mTypeOrmModule dependencies initialized[39m[38;5;3m +0ms[39m
[32m[Nest] 165210  - [39m12/07/2025, 3:06:32 PM [32m    LOG[39m [38;5;3m[InstanceLoader] [39m[32mUsersModule dependencies initialized[39m[38;5;3m +0ms[39m
[32m[Nest] 165210  - [39m12/07/2025, 3:06:32 PM [32m    LOG[39m [38;5;3m[InstanceLoader] [39m[32mAuthModule dependencies initialized[39m[38;5;3m +0ms[39m
[32m[Nest] 165210  - [39m12/07/2025, 3:06:32 PM [32m    LOG[39m [38;5;3m[InstanceLoader] [39m[32mProductsModule dependencies initialized[39m[38;5;3m +1ms[39m
[32m[Nest] 165210  - [39m12/07/2025, 3:06:32 PM [32m    LOG[39m [38;5;3m[InstanceLoader] [39m[32mSalesModule dependencies initialized[39m[38;5;3m +0ms[39m
[32m[ModoFit][39m [32m165210[39m 12/7/2025, 3:06:32 PM [32m    LOG[39m [33m[RoutesResolver][39m [32mConfigController {/config}:[39m [33m+0ms[39m
[32m[ModoFit][39m [32m165210[39m 12/7/2025, 3:06:32 PM [32m    LOG[39m [33m[RouterExplorer][39m [32mMapped {/config, GET} route[39m [33m+2ms[39m
[32m[ModoFit][39m [32m165210[39m 12/7/2025, 3:06:32 PM [32m    LOG[39m [33m[RoutesResolver][39m [32mMercadoPagoController {/payment}:[39m [33m+0ms[39m
[32m[ModoFit][39m [32m165210[39m 12/7/2025, 3:06:32 PM [32m    LOG[39m [33m[RouterExplorer][39m [32mMapped {/payment, POST} route[39m [33m+1ms[39m
[32m[ModoFit][39m [32m165210[39m 12/7/2025, 3:06:32 PM [32m    LOG[39m [33m[RoutesResolver][39m [32mProductsController {/products}:[39m [33m+0ms[39m
[32m[ModoFit][39m [32m165210[39m 12/7/2025, 3:06:32 PM [32m    LOG[39m [33m[RouterExplorer][39m [32mMapped {/products, POST} route[39m [33m+0ms[39m
[32m[ModoFit][39m [32m165210[39m 12/7/2025, 3:06:32 PM [32m    LOG[39m [33m[RouterExplorer][39m [32mMapped {/products, GET} route[39m [33m+0ms[39m
[32m[ModoFit][39m [32m165210[39m 12/7/2025, 3:06:32 PM [32m    LOG[39m [33m[RouterExplorer][39m [32mMapped {/products/new, GET} route[39m [33m+1ms[39m
[32m[ModoFit][39m [32m165210[39m 12/7/2025, 3:06:32 PM [32m    LOG[39m [33m[RouterExplorer][39m [32mMapped {/products/highlighted, GET} route[39m [33m+0ms[39m
[32m[ModoFit][39m [32m165210[39m 12/7/2025, 3:06:32 PM [32m    LOG[39m [33m[RouterExplorer][39m [32mMapped {/products/discounted, GET} route[39m [33m+0ms[39m
[32m[ModoFit][39m [32m165210[39m 12/7/2025, 3:06:32 PM [32m    LOG[39m [33m[RouterExplorer][39m [32mMapped {/products/:id, GET} route[39m [33m+1ms[39m
[32m[ModoFit][39m [32m165210[39m 12/7/2025, 3:06:32 PM [32m    LOG[39m [33m[RouterExplorer][39m [32mMapped {/products/:productId/images, GET} route[39m [33m+0ms[39m
[32m[ModoFit][39m [32m165210[39m 12/7/2025, 3:06:32 PM [32m    LOG[39m [33m[RouterExplorer][39m [32mMapped {/products/original-price/:id, GET} route[39m [33m+0ms[39m
[32m[ModoFit][39m [32m165210[39m 12/7/2025, 3:06:32 PM [32m    LOG[39m [33m[RouterExplorer][39m [32mMapped {/products/discount-price/:id, GET} route[39m [33m+1ms[39m
[32m[ModoFit][39m [32m165210[39m 12/7/2025, 3:06:32 PM [32m    LOG[39m [33m[RouterExplorer][39m [32mMapped {/products/price/:id, GET} route[39m [33m+0ms[39m
[32m[ModoFit][39m [32m165210[39m 12/7/2025, 3:06:32 PM [32m    LOG[39m [33m[RouterExplorer][39m [32mMapped {/products/total, POST} route[39m [33m+0ms[39m
[32m[ModoFit][39m [32m165210[39m 12/7/2025, 3:06:32 PM [32m    LOG[39m [33m[RouterExplorer][39m [32mMapped {/products/finalTotal, POST} route[39m [33m+0ms[39m
[32m[ModoFit][39m [32m165210[39m 12/7/2025, 3:06:32 PM [32m    LOG[39m [33m[RouterExplorer][39m [32mMapped {/products/:id, PUT} route[39m [33m+0ms[39m
[32m[ModoFit][39m [32m165210[39m 12/7/2025, 3:06:32 PM [32m    LOG[39m [33m[RouterExplorer][39m [32mMapped {/products/:id, DELETE} route[39m [33m+1ms[39m
[32m[ModoFit][39m [32m165210[39m 12/7/2025, 3:06:32 PM [32m    LOG[39m [33m[RoutesResolver][39m [32mUsersController {/users}:[39m [33m+0ms[39m
[32m[ModoFit][39m [32m165210[39m 12/7/2025, 3:06:32 PM [32m    LOG[39m [33m[RouterExplorer][39m [32mMapped {/users, POST} route[39m [33m+0ms[39m
[32m[ModoFit][39m [32m165210[39m 12/7/2025, 3:06:32 PM [32m    LOG[39m [33m[RouterExplorer][39m [32mMapped {/users, GET} route[39m [33m+0ms[39m
[32m[ModoFit][39m [32m165210[39m 12/7/2025, 3:06:32 PM [32m    LOG[39m [33m[RouterExplorer][39m [32mMapped {/users/:id, GET} route[39m [33m+0ms[39m
[32m[ModoFit][39m [32m165210[39m 12/7/2025, 3:06:32 PM [32m    LOG[39m [33m[RouterExplorer][39m [32mMapped {/users/:id, PUT} route[39m [33m+1ms[39m
[32m[ModoFit][39m [32m165210[39m 12/7/2025, 3:06:32 PM [32m    LOG[39m [33m[RouterExplorer][39m [32mMapped {/users/:id, DELETE} route[39m [33m+0ms[39m
[32m[ModoFit][39m [32m165210[39m 12/7/2025, 3:06:32 PM [32m    LOG[39m [33m[RoutesResolver][39m [32mStorageController {/upload}:[39m [33m+0ms[39m
[32m[ModoFit][39m [32m165210[39m 12/7/2025, 3:06:32 PM [32m    LOG[39m [33m[RouterExplorer][39m [32mMapped {/upload/from-directory, GET} route[39m [33m+0ms[39m
[32m[ModoFit][39m [32m165210[39m 12/7/2025, 3:06:32 PM [32m    LOG[39m [33m[RoutesResolver][39m [32mSalesController {/sales}:[39m [33m+0ms[39m
[32m[ModoFit][39m [32m165210[39m 12/7/2025, 3:06:32 PM [32m    LOG[39m [33m[RouterExplorer][39m [32mMapped {/sales, POST} route[39m [33m+0ms[39m
[32m[ModoFit][39m [32m165210[39m 12/7/2025, 3:06:32 PM [32m    LOG[39m [33m[RouterExplorer][39m [32mMapped {/sales/manual, POST} route[39m [33m+0ms[39m
[32m[ModoFit][39m [32m165210[39m 12/7/2025, 3:06:32 PM [32m    LOG[39m [33m[RouterExplorer][39m [32mMapped {/sales/shipping, POST} route[39m [33m+1ms[39m
[32m[ModoFit][39m [32m165210[39m 12/7/2025, 3:06:32 PM [32m    LOG[39m [33m[RoutesResolver][39m [32mAuthController {/auth}:[39m [33m+0ms[39m
[32m[ModoFit][39m [32m165210[39m 12/7/2025, 3:06:32 PM [32m    LOG[39m [33m[RouterExplorer][39m [32mMapped {/auth/login, POST} route[39m [33m+0ms[39m
[32m[ModoFit][39m [32m165210[39m 12/7/2025, 3:06:32 PM [32m    LOG[39m [33m[NestApplication][39m [32mNest application successfully started[39m [33m+5ms[39m
[32m[ModoFit][39m [32m165210[39m 12/7/2025, 3:06:37 PM [32m    LOG[39m [33m[LoggingInterceptor][39m [32mIncoming Request: POST /sales/manual[39m [33m+4s[39m
[31m[ModoFit][39m [31m165210[39m 12/7/2025, 3:06:37 PM [31m  ERROR[39m [33m[AllExceptionsFilter][39m [31mHttp Status: 500 Error Message: {}[39m - { stack: [ [1mnull[22m ] } [33m+18ms[39m
[31m[ModoFit][39m [31m165210[39m 12/7/2025, 3:06:37 PM [31m  ERROR[39m [33m[AllExceptionsFilter][39m [31mError: Insufficient stock for product 385
    at ProductsService.decreaseStock (/home/kalil/work/IFit/dist/src/products/products.service.js:128:23)
    at process.processTicksAndRejections (node:internal/process/task_queues:105:5)
    at async /home/kalil/work/IFit/dist/src/sales/sales.service.js:75:13
    at async Promise.all (index 0)
    at async SalesService.createManual (/home/kalil/work/IFit/dist/src/sales/sales.service.js:73:36)[39m - { stack: [ [1mnull[22m ] } [33m+0ms[39m
[32m[ModoFit][39m [32m165210[39m 12/7/2025, 3:11:55 PM [32m    LOG[39m [33m[LoggingInterceptor][39m [32mIncoming Request: GET /products/new[39m [33m+5m[39m
[32m[ModoFit][39m [32m165210[39m 12/7/2025, 3:11:55 PM [32m    LOG[39m [33m[LoggingInterceptor][39m [32mIncoming Request: GET /config[39m [33m+4ms[39m
[32m[ModoFit][39m [32m165210[39m 12/7/2025, 3:11:55 PM [32m    LOG[39m [33m[LoggingInterceptor][39m [32mOutgoing Response: GET /config - 1ms[39m [33m+1ms[39m
[32m[ModoFit][39m [32m165210[39m 12/7/2025, 3:11:55 PM [32m    LOG[39m [33m[LoggingInterceptor][39m [32mOutgoing Response: GET /products/new - 15ms[39m [33m+10ms[39m
[32m[ModoFit][39m [32m165210[39m 12/7/2025, 3:11:55 PM [32m    LOG[39m [33m[LoggingInterceptor][39m [32mIncoming Request: GET /products/highlighted[39m [33m+59ms[39m
[32m[ModoFit][39m [32m165210[39m 12/7/2025, 3:11:55 PM [32m    LOG[39m [33m[LoggingInterceptor][39m [32mOutgoing Response: GET /products/highlighted - 2ms[39m [33m+2ms[39m
[32m[ModoFit][39m [32m165210[39m 12/7/2025, 3:11:55 PM [32m    LOG[39m [33m[LoggingInterceptor][39m [32mIncoming Request: GET /products/discounted[39m [33m+88ms[39m
[32m[ModoFit][39m [32m165210[39m 12/7/2025, 3:11:55 PM [32m    LOG[39m [33m[LoggingInterceptor][39m [32mOutgoing Response: GET /products/discounted - 4ms[39m [33m+4ms[39m
[32m[ModoFit][39m [32m165210[39m 12/7/2025, 3:11:55 PM [32m    LOG[39m [33m[LoggingInterceptor][39m [32mIncoming Request: GET /products?page=1[39m [33m+24ms[39m
[32m[ModoFit][39m [32m165210[39m 12/7/2025, 3:11:55 PM [32m    LOG[39m [33m[LoggingInterceptor][39m [32mOutgoing Response: GET /products?page=1 - 7ms[39m [33m+7ms[39m
[32m[ModoFit][39m [32m165210[39m 12/7/2025, 3:11:55 PM [32m    LOG[39m [33m[LoggingInterceptor][39m [32mIncoming Request: GET /products?page=2[39m [33m+54ms[39m
[32m[ModoFit][39m [32m165210[39m 12/7/2025, 3:11:55 PM [32m    LOG[39m [33m[LoggingInterceptor][39m [32mOutgoing Response: GET /products?page=2 - 6ms[39m [33m+7ms[39m
[32m[ModoFit][39m [32m165210[39m 12/7/2025, 3:11:55 PM [32m    LOG[39m [33m[LoggingInterceptor][39m [32mIncoming Request: GET /products?page=3[39m [33m+75ms[39m
[32m[ModoFit][39m [32m165210[39m 12/7/2025, 3:11:55 PM [32m    LOG[39m [33m[LoggingInterceptor][39m [32mOutgoing Response: GET /products?page=3 - 6ms[39m [33m+5ms[39m
[32m[ModoFit][39m [32m165210[39m 12/7/2025, 3:11:55 PM [32m    LOG[39m [33m[LoggingInterceptor][39m [32mIncoming Request: GET /products?page=4[39m [33m+58ms[39m
[32m[ModoFit][39m [32m165210[39m 12/7/2025, 3:11:55 PM [32m    LOG[39m [33m[LoggingInterceptor][39m [32mOutgoing Response: GET /products?page=4 - 4ms[39m [33m+4ms[39m
[32m[ModoFit][39m [32m165210[39m 12/7/2025, 3:11:55 PM [32m    LOG[39m [33m[LoggingInterceptor][39m [32mIncoming Request: GET /products?page=5[39m [33m+56ms[39m
[32m[ModoFit][39m [32m165210[39m 12/7/2025, 3:11:55 PM [32m    LOG[39m [33m[LoggingInterceptor][39m [32mOutgoing Response: GET /products?page=5 - 3ms[39m [33m+3ms[39m
[32m[ModoFit][39m [32m165210[39m 12/7/2025, 3:11:55 PM [32m    LOG[39m [33m[LoggingInterceptor][39m [32mIncoming Request: GET /products?page=6[39m [33m+62ms[39m
[32m[ModoFit][39m [32m165210[39m 12/7/2025, 3:11:55 PM [32m    LOG[39m [33m[LoggingInterceptor][39m [32mOutgoing Response: GET /products?page=6 - 4ms[39m [33m+4ms[39m
[32m[ModoFit][39m [32m165210[39m 12/7/2025, 3:13:51 PM [32m    LOG[39m [33m[LoggingInterceptor][39m [32mIncoming Request: GET /config[39m [33m+2m[39m
[32m[ModoFit][39m [32m165210[39m 12/7/2025, 3:13:51 PM [32m    LOG[39m [33m[LoggingInterceptor][39m [32mOutgoing Response: GET /config - 1ms[39m [33m+1ms[39m
[32m[ModoFit][39m [32m165210[39m 12/7/2025, 3:13:55 PM [32m    LOG[39m [33m[LoggingInterceptor][39m [32mIncoming Request: GET /products/new[39m [33m+4s[39m
[32m[ModoFit][39m [32m165210[39m 12/7/2025, 3:13:55 PM [32m    LOG[39m [33m[LoggingInterceptor][39m [32mIncoming Request: GET /config[39m [33m+1ms[39m
[32m[ModoFit][39m [32m165210[39m 12/7/2025, 3:13:55 PM [32m    LOG[39m [33m[LoggingInterceptor][39m [32mOutgoing Response: GET /config - 1ms[39m [33m+1ms[39m
[32m[ModoFit][39m [32m165210[39m 12/7/2025, 3:13:55 PM [32m    LOG[39m [33m[LoggingInterceptor][39m [32mOutgoing Response: GET /products/new - 9ms[39m [33m+7ms[39m
[32m[ModoFit][39m [32m165210[39m 12/7/2025, 3:13:55 PM [32m    LOG[39m [33m[LoggingInterceptor][39m [32mIncoming Request: GET /products/highlighted[39m [33m+40ms[39m
[32m[ModoFit][39m [32m165210[39m 12/7/2025, 3:13:55 PM [32m    LOG[39m [33m[LoggingInterceptor][39m [32mOutgoing Response: GET /products/highlighted - 3ms[39m [33m+3ms[39m
[32m[ModoFit][39m [32m165210[39m 12/7/2025, 3:13:55 PM [32m    LOG[39m [33m[LoggingInterceptor][39m [32mIncoming Request: GET /products/discounted[39m [33m+78ms[39m
[32m[ModoFit][39m [32m165210[39m 12/7/2025, 3:13:55 PM [32m    LOG[39m [33m[LoggingInterceptor][39m [32mOutgoing Response: GET /products/discounted - 2ms[39m [33m+2ms[39m
[32m[ModoFit][39m [32m165210[39m 12/7/2025, 3:13:55 PM [32m    LOG[39m [33m[LoggingInterceptor][39m [32mIncoming Request: GET /products?page=1[39m [33m+14ms[39m
[32m[ModoFit][39m [32m165210[39m 12/7/2025, 3:13:55 PM [32m    LOG[39m [33m[LoggingInterceptor][39m [32mOutgoing Response: GET /products?page=1 - 4ms[39m [33m+4ms[39m
[32m[ModoFit][39m [32m165210[39m 12/7/2025, 3:13:55 PM [32m    LOG[39m [33m[LoggingInterceptor][39m [32mIncoming Request: GET /products?page=2[39m [33m+31ms[39m
[32m[ModoFit][39m [32m165210[39m 12/7/2025, 3:13:55 PM [32m    LOG[39m [33m[LoggingInterceptor][39m [32mOutgoing Response: GET /products?page=2 - 2ms[39m [33m+2ms[39m
[32m[ModoFit][39m [32m165210[39m 12/7/2025, 3:13:55 PM [32m    LOG[39m [33m[LoggingInterceptor][39m [32mIncoming Request: GET /products?page=3[39m [33m+49ms[39m
[32m[ModoFit][39m [32m165210[39m 12/7/2025, 3:13:55 PM [32m    LOG[39m [33m[LoggingInterceptor][39m [32mOutgoing Response: GET /products?page=3 - 2ms[39m [33m+3ms[39m
[32m[ModoFit][39m [32m165210[39m 12/7/2025, 3:13:55 PM [32m    LOG[39m [33m[LoggingInterceptor][39m [32mIncoming Request: GET /products?page=4[39m [33m+46ms[39m
[32m[ModoFit][39m [32m165210[39m 12/7/2025, 3:13:55 PM [32m    LOG[39m [33m[LoggingInterceptor][39m [32mOutgoing Response: GET /products?page=4 - 2ms[39m [33m+2ms[39m
[32m[ModoFit][39m [32m165210[39m 12/7/2025, 3:13:55 PM [32m    LOG[39m [33m[LoggingInterceptor][39m [32mIncoming Request: GET /products?page=5[39m [33m+48ms[39m
[32m[ModoFit][39m [32m165210[39m 12/7/2025, 3:13:55 PM [32m    LOG[39m [33m[LoggingInterceptor][39m [32mOutgoing Response: GET /products?page=5 - 4ms[39m [33m+4ms[39m
[32m[ModoFit][39m [32m165210[39m 12/7/2025, 3:13:55 PM [32m    LOG[39m [33m[LoggingInterceptor][39m [32mIncoming Request: GET /products?page=6[39m [33m+71ms[39m
[32m[ModoFit][39m [32m165210[39m 12/7/2025, 3:13:55 PM [32m    LOG[39m [33m[LoggingInterceptor][39m [32mOutgoing Response: GET /products?page=6 - 3ms[39m [33m+3ms[39m
[32m[ModoFit][39m [32m165210[39m 12/7/2025, 3:14:15 PM [32m    LOG[39m [33m[LoggingInterceptor][39m [32mIncoming Request: GET /products/new[39m [33m+20s[39m
[32m[ModoFit][39m [32m165210[39m 12/7/2025, 3:14:15 PM [32m    LOG[39m [33m[LoggingInterceptor][39m [32mIncoming Request: GET /config[39m [33m+2ms[39m
[32m[ModoFit][39m [32m165210[39m 12/7/2025, 3:14:15 PM [32m    LOG[39m [33m[LoggingInterceptor][39m [32mOutgoing Response: GET /config - 1ms[39m [33m+0ms[39m
[32m[ModoFit][39m [32m165210[39m 12/7/2025, 3:14:15 PM [32m    LOG[39m [33m[LoggingInterceptor][39m [32mOutgoing Response: GET /products/new - 10ms[39m [33m+8ms[39m
[32m[ModoFit][39m [32m165210[39m 12/7/2025, 3:14:15 PM [32m    LOG[39m [33m[LoggingInterceptor][39m [32mIncoming Request: GET /products/highlighted[39m [33m+66ms[39m
[32m[ModoFit][39m [32m165210[39m 12/7/2025, 3:14:15 PM [32m    LOG[39m [33m[LoggingInterceptor][39m [32mOutgoing Response: GET /products/highlighted - 2ms[39m [33m+2ms[39m
[32m[ModoFit][39m [32m165210[39m 12/7/2025, 3:14:15 PM [32m    LOG[39m [33m[LoggingInterceptor][39m [32mIncoming Request: GET /products/discounted[39m [33m+50ms[39m
[32m[ModoFit][39m [32m165210[39m 12/7/2025, 3:14:15 PM [32m    LOG[39m [33m[LoggingInterceptor][39m [32mOutgoing Response: GET /products/discounted - 3ms[39m [33m+3ms[39m
[32m[ModoFit][39m [32m165210[39m 12/7/2025, 3:14:15 PM [32m    LOG[39m [33m[LoggingInterceptor][39m [32mIncoming Request: GET /products?page=1[39m [33m+11ms[39m
[32m[ModoFit][39m [32m165210[39m 12/7/2025, 3:14:15 PM [32m    LOG[39m [33m[LoggingInterceptor][39m [32mOutgoing Response: GET /products?page=1 - 4ms[39m [33m+4ms[39m
[32m[ModoFit][39m [32m165210[39m 12/7/2025, 3:14:15 PM [32m    LOG[39m [33m[LoggingInterceptor][39m [32mIncoming Request: GET /products?page=2[39m [33m+33ms[39m
[32m[ModoFit][39m [32m165210[39m 12/7/2025, 3:14:15 PM [32m    LOG[39m [33m[LoggingInterceptor][39m [32mOutgoing Response: GET /products?page=2 - 3ms[39m [33m+3ms[39m
[32m[ModoFit][39m [32m165210[39m 12/7/2025, 3:14:16 PM [32m    LOG[39m [33m[LoggingInterceptor][39m [32mIncoming Request: GET /products?page=3[39m [33m+69ms[39m
[32m[ModoFit][39m [32m165210[39m 12/7/2025, 3:14:16 PM [32m    LOG[39m [33m[LoggingInterceptor][39m [32mOutgoing Response: GET /products?page=3 - 3ms[39m [33m+3ms[39m
[32m[ModoFit][39m [32m165210[39m 12/7/2025, 3:14:16 PM [32m    LOG[39m [33m[LoggingInterceptor][39m [32mIncoming Request: GET /products?page=4[39m [33m+75ms[39m
[32m[ModoFit][39m [32m165210[39m 12/7/2025, 3:14:16 PM [32m    LOG[39m [33m[LoggingInterceptor][39m [32mOutgoing Response: GET /products?page=4 - 3ms[39m [33m+2ms[39m
[32m[ModoFit][39m [32m165210[39m 12/7/2025, 3:14:16 PM [32m    LOG[39m [33m[LoggingInterceptor][39m [32mIncoming Request: GET /products?page=5[39m [33m+50ms[39m
[32m[ModoFit][39m [32m165210[39m 12/7/2025, 3:14:16 PM [32m    LOG[39m [33m[LoggingInterceptor][39m [32mOutgoing Response: GET /products?page=5 - 2ms[39m [33m+2ms[39m
[32m[ModoFit][39m [32m165210[39m 12/7/2025, 3:14:16 PM [32m    LOG[39m [33m[LoggingInterceptor][39m [32mIncoming Request: GET /products?page=6[39m [33m+41ms[39m
[32m[ModoFit][39m [32m165210[39m 12/7/2025, 3:14:16 PM [32m    LOG[39m [33m[LoggingInterceptor][39m [32mOutgoing Response: GET /products?page=6 - 3ms[39m [33m+2ms[39m
[32m[ModoFit][39m [32m165210[39m 12/7/2025, 3:14:20 PM [32m    LOG[39m [33m[LoggingInterceptor][39m [32mIncoming Request: GET /products?page=1&pageSize=1000[39m [33m+4s[39m
[32m[ModoFit][39m [32m165210[39m 12/7/2025, 3:14:20 PM [32m    LOG[39m [33m[LoggingInterceptor][39m [32mOutgoing Response: GET /products?page=1&pageSize=1000 - 5ms[39m [33m+5ms[39m
[31m[ModoFit][39m [31m165210[39m 12/7/2025, 3:14:26 PM [31m  ERROR[39m [33m[AllExceptionsFilter][39m [31mHttp Status: 401 Error Message: {"message":"Unauthorized","statusCode":401}[39m - { stack: [ [1mnull[22m ] } [33m+6s[39m
[31m[ModoFit][39m [31m165210[39m 12/7/2025, 3:14:26 PM [31m  ERROR[39m [33m[AllExceptionsFilter][39m [31mUnauthorizedException: Unauthorized
    at MixinAuthGuard.handleRequest (/home/kalil/work/IFit/node_modules/@nestjs/passport/dist/auth.guard.js:60:30)
    at /home/kalil/work/IFit/node_modules/@nestjs/passport/dist/auth.guard.js:44:124
    at /home/kalil/work/IFit/node_modules/@nestjs/passport/dist/auth.guard.js:83:24
    at allFailed (/home/kalil/work/IFit/node_modules/passport/lib/middleware/authenticate.js:110:18)
    at attempt (/home/kalil/work/IFit/node_modules/passport/lib/middleware/authenticate.js:183:28)
    at strategy.fail (/home/kalil/work/IFit/node_modules/passport/lib/middleware/authenticate.js:314:9)
    at JwtStrategy.authenticate (/home/kalil/work/IFit/node_modules/passport-jwt/lib/strategy.js:96:21)
    at attempt (/home/kalil/work/IFit/node_modules/passport/lib/middleware/authenticate.js:378:16)
    at authenticate (/home/kalil/work/IFit/node_modules/passport/lib/middleware/authenticate.js:379:7)
    at /home/kalil/work/IFit/node_modules/@nestjs/passport/dist/auth.guard.js:88:3[39m - { stack: [ [1mnull[22m ] } [33m+1ms[39m
[32m[ModoFit][39m [32m165210[39m 12/7/2025, 3:14:35 PM [32m    LOG[39m [33m[LoggingInterceptor][39m [32mIncoming Request: GET /products?page=1&pageSize=1000[39m [33m+10s[39m
[32m[ModoFit][39m [32m165210[39m 12/7/2025, 3:14:35 PM [32m    LOG[39m [33m[LoggingInterceptor][39m [32mOutgoing Response: GET /products?page=1&pageSize=1000 - 12ms[39m [33m+12ms[39m
[31m[ModoFit][39m [31m165210[39m 12/7/2025, 3:14:42 PM [31m  ERROR[39m [33m[AllExceptionsFilter][39m [31mHttp Status: 401 Error Message: {"message":"Unauthorized","statusCode":401}[39m - { stack: [ [1mnull[22m ] } [33m+6s[39m
[31m[ModoFit][39m [31m165210[39m 12/7/2025, 3:14:42 PM [31m  ERROR[39m [33m[AllExceptionsFilter][39m [31mUnauthorizedException: Unauthorized
    at MixinAuthGuard.handleRequest (/home/kalil/work/IFit/node_modules/@nestjs/passport/dist/auth.guard.js:60:30)
    at /home/kalil/work/IFit/node_modules/@nestjs/passport/dist/auth.guard.js:44:124
    at /home/kalil/work/IFit/node_modules/@nestjs/passport/dist/auth.guard.js:83:24
    at allFailed (/home/kalil/work/IFit/node_modules/passport/lib/middleware/authenticate.js:110:18)
    at attempt (/home/kalil/work/IFit/node_modules/passport/lib/middleware/authenticate.js:183:28)
    at strategy.fail (/home/kalil/work/IFit/node_modules/passport/lib/middleware/authenticate.js:314:9)
    at JwtStrategy.authenticate (/home/kalil/work/IFit/node_modules/passport-jwt/lib/strategy.js:96:21)
    at attempt (/home/kalil/work/IFit/node_modules/passport/lib/middleware/authenticate.js:378:16)
    at authenticate (/home/kalil/work/IFit/node_modules/passport/lib/middleware/authenticate.js:379:7)
    at /home/kalil/work/IFit/node_modules/@nestjs/passport/dist/auth.guard.js:88:3[39m - { stack: [ [1mnull[22m ] } [33m+1ms[39m
[32m[ModoFit][39m [32m165210[39m 12/7/2025, 3:16:26 PM [32m    LOG[39m [33m[LoggingInterceptor][39m [32mIncoming Request: GET /products/new[39m [33m+2m[39m
[32m[ModoFit][39m [32m165210[39m 12/7/2025, 3:16:26 PM [32m    LOG[39m [33m[LoggingInterceptor][39m [32mIncoming Request: GET /config[39m [33m+1ms[39m
[32m[ModoFit][39m [32m165210[39m 12/7/2025, 3:16:26 PM [32m    LOG[39m [33m[LoggingInterceptor][39m [32mOutgoing Response: GET /config - 1ms[39m [33m+1ms[39m
[32m[ModoFit][39m [32m165210[39m 12/7/2025, 3:16:26 PM [32m    LOG[39m [33m[LoggingInterceptor][39m [32mOutgoing Response: GET /products/new - 9ms[39m [33m+7ms[39m
[32m[ModoFit][39m [32m165210[39m 12/7/2025, 3:16:26 PM [32m    LOG[39m [33m[LoggingInterceptor][39m [32mIncoming Request: GET /products/highlighted[39m [33m+80ms[39m
[32m[ModoFit][39m [32m165210[39m 12/7/2025, 3:16:26 PM [32m    LOG[39m [33m[LoggingInterceptor][39m [32mOutgoing Response: GET /products/highlighted - 2ms[39m [33m+2ms[39m
[32m[ModoFit][39m [32m165210[39m 12/7/2025, 3:16:26 PM [32m    LOG[39m [33m[LoggingInterceptor][39m [32mIncoming Request: GET /products/discounted[39m [33m+81ms[39m
[32m[ModoFit][39m [32m165210[39m 12/7/2025, 3:16:26 PM [32m    LOG[39m [33m[LoggingInterceptor][39m [32mOutgoing Response: GET /products/discounted - 2ms[39m [33m+2ms[39m
[32m[ModoFit][39m [32m165210[39m 12/7/2025, 3:16:26 PM [32m    LOG[39m [33m[LoggingInterceptor][39m [32mIncoming Request: GET /products?page=1[39m [33m+21ms[39m
[32m[ModoFit][39m [32m165210[39m 12/7/2025, 3:16:26 PM [32m    LOG[39m [33m[LoggingInterceptor][39m [32mOutgoing Response: GET /products?page=1 - 3ms[39m [33m+3ms[39m
[32m[ModoFit][39m [32m165210[39m 12/7/2025, 3:16:26 PM [32m    LOG[39m [33m[LoggingInterceptor][39m [32mIncoming Request: GET /products?page=2[39m [33m+38ms[39m
[32m[ModoFit][39m [32m165210[39m 12/7/2025, 3:16:26 PM [32m    LOG[39m [33m[LoggingInterceptor][39m [32mOutgoing Response: GET /products?page=2 - 2ms[39m [33m+2ms[39m
[32m[ModoFit][39m [32m165210[39m 12/7/2025, 3:16:26 PM [32m    LOG[39m [33m[LoggingInterceptor][39m [32mIncoming Request: GET /products?page=3[39m [33m+64ms[39m
[32m[ModoFit][39m [32m165210[39m 12/7/2025, 3:16:26 PM [32m    LOG[39m [33m[LoggingInterceptor][39m [32mOutgoing Response: GET /products?page=3 - 3ms[39m [33m+3ms[39m
[32m[ModoFit][39m [32m165210[39m 12/7/2025, 3:16:26 PM [32m    LOG[39m [33m[LoggingInterceptor][39m [32mIncoming Request: GET /products?page=4[39m [33m+48ms[39m
[32m[ModoFit][39m [32m165210[39m 12/7/2025, 3:16:26 PM [32m    LOG[39m [33m[LoggingInterceptor][39m [32mOutgoing Response: GET /products?page=4 - 3ms[39m [33m+4ms[39m
[32m[ModoFit][39m [32m165210[39m 12/7/2025, 3:16:26 PM [32m    LOG[39m [33m[LoggingInterceptor][39m [32mIncoming Request: GET /products?page=5[39m [33m+68ms[39m
[32m[ModoFit][39m [32m165210[39m 12/7/2025, 3:16:26 PM [32m    LOG[39m [33m[LoggingInterceptor][39m [32mOutgoing Response: GET /products?page=5 - 3ms[39m [33m+3ms[39m
[32m[ModoFit][39m [32m165210[39m 12/7/2025, 3:16:26 PM [32m    LOG[39m [33m[LoggingInterceptor][39m [32mIncoming Request: GET /products?page=6[39m [33m+56ms[39m
[32m[ModoFit][39m [32m165210[39m 12/7/2025, 3:16:26 PM [32m    LOG[39m [33m[LoggingInterceptor][39m [32mOutgoing Response: GET /products?page=6 - 2ms[39m [33m+2ms[39m
[32m[ModoFit][39m [32m165210[39m 12/7/2025, 3:17:26 PM [32m    LOG[39m [33m[LoggingInterceptor][39m [32mIncoming Request: POST /auth/login[39m [33m+60s[39m
[32m[ModoFit][39m [32m165210[39m 12/7/2025, 3:17:26 PM [32m    LOG[39m [33m[AuthService][39m [32mValidating user: ttt@gmail.com[39m [33m+0ms[39m
[32m[ModoFit][39m [32m165210[39m 12/7/2025, 3:17:26 PM [32m    LOG[39m [33m[AuthService][39m [32mUser found: ttt@gmail.com[39m [33m+8ms[39m
[32m[ModoFit][39m [32m165210[39m 12/7/2025, 3:17:26 PM [32m    LOG[39m [33m[AuthService][39m [32mPassword match: true[39m [33m+65ms[39m
[32m[ModoFit][39m [32m165210[39m 12/7/2025, 3:17:26 PM [32m    LOG[39m [33m[LoggingInterceptor][39m [32mOutgoing Response: POST /auth/login - 75ms[39m [33m+2ms[39m
[32m[ModoFit][39m [32m165210[39m 12/7/2025, 3:17:28 PM [32m    LOG[39m [33m[LoggingInterceptor][39m [32mIncoming Request: GET /products/new[39m [33m+2s[39m
[32m[ModoFit][39m [32m165210[39m 12/7/2025, 3:17:28 PM [32m    LOG[39m [33m[LoggingInterceptor][39m [32mIncoming Request: GET /config[39m [33m+2ms[39m
[32m[ModoFit][39m [32m165210[39m 12/7/2025, 3:17:28 PM [32m    LOG[39m [33m[LoggingInterceptor][39m [32mOutgoing Response: GET /config - 0ms[39m [33m+0ms[39m
[32m[ModoFit][39m [32m165210[39m 12/7/2025, 3:17:28 PM [32m    LOG[39m [33m[LoggingInterceptor][39m [32mOutgoing Response: GET /products/new - 3ms[39m [33m+1ms[39m
[32m[ModoFit][39m [32m165210[39m 12/7/2025, 3:17:28 PM [32m    LOG[39m [33m[LoggingInterceptor][39m [32mIncoming Request: GET /products/highlighted[39m [33m+65ms[39m
[32m[ModoFit][39m [32m165210[39m 12/7/2025, 3:17:28 PM [32m    LOG[39m [33m[LoggingInterceptor][39m [32mOutgoing Response: GET /products/highlighted - 1ms[39m [33m+1ms[39m
[32m[ModoFit][39m [32m165210[39m 12/7/2025, 3:17:28 PM [32m    LOG[39m [33m[LoggingInterceptor][39m [32mIncoming Request: GET /products/discounted[39m [33m+82ms[39m
[32m[ModoFit][39m [32m165210[39m 12/7/2025, 3:17:28 PM [32m    LOG[39m [33m[LoggingInterceptor][39m [32mOutgoing Response: GET /products/discounted - 2ms[39m [33m+2ms[39m
[32m[ModoFit][39m [32m165210[39m 12/7/2025, 3:17:28 PM [32m    LOG[39m [33m[LoggingInterceptor][39m [32mIncoming Request: GET /products?page=1[39m [33m+15ms[39m
[32m[ModoFit][39m [32m165210[39m 12/7/2025, 3:17:28 PM [32m    LOG[39m [33m[LoggingInterceptor][39m [32mOutgoing Response: GET /products?page=1 - 4ms[39m [33m+4ms[39m
[32m[ModoFit][39m [32m165210[39m 12/7/2025, 3:17:28 PM [32m    LOG[39m [33m[LoggingInterceptor][39m [32mIncoming Request: GET /products?page=2[39m [33m+41ms[39m
[32m[ModoFit][39m [32m165210[39m 12/7/2025, 3:17:28 PM [32m    LOG[39m [33m[LoggingInterceptor][39m [32mOutgoing Response: GET /products?page=2 - 3ms[39m [33m+3ms[39m
[32m[ModoFit][39m [32m165210[39m 12/7/2025, 3:17:28 PM [32m    LOG[39m [33m[LoggingInterceptor][39m [32mIncoming Request: GET /products?page=3[39m [33m+55ms[39m
[32m[ModoFit][39m [32m165210[39m 12/7/2025, 3:17:28 PM [32m    LOG[39m [33m[LoggingInterceptor][39m [32mOutgoing Response: GET /products?page=3 - 3ms[39m [33m+3ms[39m
[32m[ModoFit][39m [32m165210[39m 12/7/2025, 3:17:28 PM [32m    LOG[39m [33m[LoggingInterceptor][39m [32mIncoming Request: GET /products?page=4[39m [33m+52ms[39m
[32m[ModoFit][39m [32m165210[39m 12/7/2025, 3:17:28 PM [32m    LOG[39m [33m[LoggingInterceptor][39m [32mOutgoing Response: GET /products?page=4 - 5ms[39m [33m+5ms[39m
[32m[ModoFit][39m [32m165210[39m 12/7/2025, 3:17:28 PM [32m    LOG[39m [33m[LoggingInterceptor][39m [32mIncoming Request: GET /products?page=5[39m [33m+52ms[39m
[32m[ModoFit][39m [32m165210[39m 12/7/2025, 3:17:28 PM [32m    LOG[39m [33m[LoggingInterceptor][39m [32mOutgoing Response: GET /products?page=5 - 2ms[39m [33m+2ms[39m
[32m[ModoFit][39m [32m165210[39m 12/7/2025, 3:17:28 PM [32m    LOG[39m [33m[LoggingInterceptor][39m [32mIncoming Request: GET /products?page=6[39m [33m+70ms[39m
[32m[ModoFit][39m [32m165210[39m 12/7/2025, 3:17:28 PM [32m    LOG[39m [33m[LoggingInterceptor][39m [32mOutgoing Response: GET /products?page=6 - 2ms[39m [33m+2ms[39m
[32m[ModoFit][39m [32m165210[39m 12/7/2025, 3:20:17 PM [32m    LOG[39m [33m[LoggingInterceptor][39m [32mIncoming Request: GET /products/new[39m [33m+3m[39m
[32m[ModoFit][39m [32m165210[39m 12/7/2025, 3:20:17 PM [32m    LOG[39m [33m[LoggingInterceptor][39m [32mIncoming Request: GET /config[39m [33m+1ms[39m
[32m[ModoFit][39m [32m165210[39m 12/7/2025, 3:20:17 PM [32m    LOG[39m [33m[LoggingInterceptor][39m [32mOutgoing Response: GET /config - 1ms[39m [33m+1ms[39m
[32m[ModoFit][39m [32m165210[39m 12/7/2025, 3:20:17 PM [32m    LOG[39m [33m[LoggingInterceptor][39m [32mOutgoing Response: GET /products/new - 10ms[39m [33m+8ms[39m
[32m[ModoFit][39m [32m165210[39m 12/7/2025, 3:20:17 PM [32m    LOG[39m [33m[LoggingInterceptor][39m [32mIncoming Request: GET /products/highlighted[39m [33m+70ms[39m
[32m[ModoFit][39m [32m165210[39m 12/7/2025, 3:20:17 PM [32m    LOG[39m [33m[LoggingInterceptor][39m [32mOutgoing Response: GET /products/highlighted - 2ms[39m [33m+2ms[39m
[32m[ModoFit][39m [32m165210[39m 12/7/2025, 3:20:17 PM [32m    LOG[39m [33m[LoggingInterceptor][39m [32mIncoming Request: GET /products/discounted[39m [33m+82ms[39m
[32m[ModoFit][39m [32m165210[39m 12/7/2025, 3:20:17 PM [32m    LOG[39m [33m[LoggingInterceptor][39m [32mOutgoing Response: GET /products/discounted - 2ms[39m [33m+2ms[39m
[32m[ModoFit][39m [32m165210[39m 12/7/2025, 3:20:17 PM [32m    LOG[39m [33m[LoggingInterceptor][39m [32mIncoming Request: GET /products?page=1[39m [33m+17ms[39m
[32m[ModoFit][39m [32m165210[39m 12/7/2025, 3:20:17 PM [32m    LOG[39m [33m[LoggingInterceptor][39m [32mOutgoing Response: GET /products?page=1 - 4ms[39m [33m+4ms[39m
[32m[ModoFit][39m [32m165210[39m 12/7/2025, 3:20:17 PM [32m    LOG[39m [33m[LoggingInterceptor][39m [32mIncoming Request: GET /products?page=2[39m [33m+35ms[39m
[32m[ModoFit][39m [32m165210[39m 12/7/2025, 3:20:17 PM [32m    LOG[39m [33m[LoggingInterceptor][39m [32mOutgoing Response: GET /products?page=2 - 2ms[39m [33m+2ms[39m
[32m[ModoFit][39m [32m165210[39m 12/7/2025, 3:20:17 PM [32m    LOG[39m [33m[LoggingInterceptor][39m [32mIncoming Request: GET /products?page=3[39m [33m+58ms[39m
[32m[ModoFit][39m [32m165210[39m 12/7/2025, 3:20:17 PM [32m    LOG[39m [33m[LoggingInterceptor][39m [32mOutgoing Response: GET /products?page=3 - 3ms[39m [33m+2ms[39m
[32m[ModoFit][39m [32m165210[39m 12/7/2025, 3:20:17 PM [32m    LOG[39m [33m[LoggingInterceptor][39m [32mIncoming Request: GET /products?page=4[39m [33m+47ms[39m
[32m[ModoFit][39m [32m165210[39m 12/7/2025, 3:20:17 PM [32m    LOG[39m [33m[LoggingInterceptor][39m [32mOutgoing Response: GET /products?page=4 - 3ms[39m [33m+3ms[39m
[32m[ModoFit][39m [32m165210[39m 12/7/2025, 3:20:17 PM [32m    LOG[39m [33m[LoggingInterceptor][39m [32mIncoming Request: GET /products?page=5[39m [33m+55ms[39m
[32m[ModoFit][39m [32m165210[39m 12/7/2025, 3:20:17 PM [32m    LOG[39m [33m[LoggingInterceptor][39m [32mOutgoing Response: GET /products?page=5 - 3ms[39m [33m+3ms[39m
[32m[ModoFit][39m [32m165210[39m 12/7/2025, 3:20:17 PM [32m    LOG[39m [33m[LoggingInterceptor][39m [32mIncoming Request: GET /products?page=6[39m [33m+67ms[39m
[32m[ModoFit][39m [32m165210[39m 12/7/2025, 3:20:17 PM [32m    LOG[39m [33m[LoggingInterceptor][39m [32mOutgoing Response: GET /products?page=6 - 3ms[39m [33m+3ms[39m
[32m[ModoFit][39m [32m165210[39m 12/7/2025, 3:20:56 PM [32m    LOG[39m [33m[LoggingInterceptor][39m [32mIncoming Request: GET /products?page=1&pageSize=1000[39m [33m+39s[39m
[32m[ModoFit][39m [32m165210[39m 12/7/2025, 3:20:56 PM [32m    LOG[39m [33m[LoggingInterceptor][39m [32mOutgoing Response: GET /products?page=1&pageSize=1000 - 11ms[39m [33m+11ms[39m
[32m[ModoFit][39m [32m165210[39m 12/7/2025, 3:23:06 PM [32m    LOG[39m [33m[LoggingInterceptor][39m [32mIncoming Request: GET /products?page=1&pageSize=1000[39m [33m+2m[39m
[32m[ModoFit][39m [32m165210[39m 12/7/2025, 3:23:06 PM [32m    LOG[39m [33m[LoggingInterceptor][39m [32mOutgoing Response: GET /products?page=1&pageSize=1000 - 11ms[39m [33m+11ms[39m
[31m[ModoFit][39m [31m165210[39m 12/7/2025, 3:23:13 PM [31m  ERROR[39m [33m[AllExceptionsFilter][39m [31mHttp Status: 401 Error Message: {"message":"Unauthorized","statusCode":401}[39m - { stack: [ [1mnull[22m ] } [33m+7s[39m
[31m[ModoFit][39m [31m165210[39m 12/7/2025, 3:23:13 PM [31m  ERROR[39m [33m[AllExceptionsFilter][39m [31mUnauthorizedException: Unauthorized
    at MixinAuthGuard.handleRequest (/home/kalil/work/IFit/node_modules/@nestjs/passport/dist/auth.guard.js:60:30)
    at /home/kalil/work/IFit/node_modules/@nestjs/passport/dist/auth.guard.js:44:124
    at /home/kalil/work/IFit/node_modules/@nestjs/passport/dist/auth.guard.js:83:24
    at allFailed (/home/kalil/work/IFit/node_modules/passport/lib/middleware/authenticate.js:110:18)
    at attempt (/home/kalil/work/IFit/node_modules/passport/lib/middleware/authenticate.js:183:28)
    at strategy.fail (/home/kalil/work/IFit/node_modules/passport/lib/middleware/authenticate.js:314:9)
    at /home/kalil/work/IFit/node_modules/passport-jwt/lib/strategy.js:106:33
    at module.exports [as verify] (/home/kalil/work/IFit/node_modules/jsonwebtoken/verify.js:70:12)
    at module.exports [as JwtVerifier] (/home/kalil/work/IFit/node_modules/passport-jwt/lib/verify_jwt.js:4:16)
    at /home/kalil/work/IFit/node_modules/passport-jwt/lib/strategy.js:104:25[39m - { stack: [ [1mnull[22m ] } [33m+0ms[39m
[32m[ModoFit][39m [32m165210[39m 12/7/2025, 3:35:46 PM [32m    LOG[39m [33m[LoggingInterceptor][39m [32mIncoming Request: GET /products?page=1&pageSize=1000[39m [33m+13m[39m
[32m[ModoFit][39m [32m165210[39m 12/7/2025, 3:35:46 PM [32m    LOG[39m [33m[LoggingInterceptor][39m [32mOutgoing Response: GET /products?page=1&pageSize=1000 - 11ms[39m [33m+11ms[39m
[31m[ModoFit][39m [31m165210[39m 12/7/2025, 3:36:01 PM [31m  ERROR[39m [33m[AllExceptionsFilter][39m [31mHttp Status: 401 Error Message: {"message":"Unauthorized","statusCode":401}[39m - { stack: [ [1mnull[22m ] } [33m+16s[39m
[31m[ModoFit][39m [31m165210[39m 12/7/2025, 3:36:01 PM [31m  ERROR[39m [33m[AllExceptionsFilter][39m [31mUnauthorizedException: Unauthorized
    at MixinAuthGuard.handleRequest (/home/kalil/work/IFit/node_modules/@nestjs/passport/dist/auth.guard.js:60:30)
    at /home/kalil/work/IFit/node_modules/@nestjs/passport/dist/auth.guard.js:44:124
    at /home/kalil/work/IFit/node_modules/@nestjs/passport/dist/auth.guard.js:83:24
    at allFailed (/home/kalil/work/IFit/node_modules/passport/lib/middleware/authenticate.js:110:18)
    at attempt (/home/kalil/work/IFit/node_modules/passport/lib/middleware/authenticate.js:183:28)
    at strategy.fail (/home/kalil/work/IFit/node_modules/passport/lib/middleware/authenticate.js:314:9)
    at /home/kalil/work/IFit/node_modules/passport-jwt/lib/strategy.js:106:33
    at module.exports [as verify] (/home/kalil/work/IFit/node_modules/jsonwebtoken/verify.js:70:12)
    at module.exports [as JwtVerifier] (/home/kalil/work/IFit/node_modules/passport-jwt/lib/verify_jwt.js:4:16)
    at /home/kalil/work/IFit/node_modules/passport-jwt/lib/strategy.js:104:25[39m - { stack: [ [1mnull[22m ] } [33m+1ms[39m
