
> modofit@1.0.0 start:dev
> nest start --watch

[2J[3J[H[[90m1:11:40 PM[0m] Starting compilation in watch mode...

To restart at any time, enter rs.

[[90m1:11:42 PM[0m] Found 0 errors. Watching for file changes.

(node:130833) [DEP0040] DeprecationWarning: The `punycode` module is deprecated. Please use a userland alternative instead.
(Use `node --trace-deprecation ...` to show where the warning was created)
[32m[Nest] 130833  - [39m12/07/2025, 1:11:43 PM [32m    LOG[39m [38;5;3m[NestFactory] [39m[32mStarting Nest application...[39m
[32m[Nest] 130833  - [39m12/07/2025, 1:11:43 PM [32m    LOG[39m [38;5;3m[InstanceLoader] [39m[32mTypeOrmModule dependencies initialized[39m[38;5;3m +22ms[39m
[32m[Nest] 130833  - [39m12/07/2025, 1:11:43 PM [32m    LOG[39m [38;5;3m[InstanceLoader] [39m[32mPassportModule dependencies initialized[39m[38;5;3m +0ms[39m
[32m[Nest] 130833  - [39m12/07/2025, 1:11:43 PM [32m    LOG[39m [38;5;3m[InstanceLoader] [39m[32mConfigHostModule dependencies initialized[39m[38;5;3m +0ms[39m
[32m[Nest] 130833  - [39m12/07/2025, 1:11:43 PM [32m    LOG[39m [38;5;3m[InstanceLoader] [39m[32mWinstonModule dependencies initialized[39m[38;5;3m +0ms[39m
[32m[Nest] 130833  - [39m12/07/2025, 1:11:43 PM [32m    LOG[39m [38;5;3m[InstanceLoader] [39m[32mJwtModule dependencies initialized[39m[38;5;3m +0ms[39m
[32m[Nest] 130833  - [39m12/07/2025, 1:11:43 PM [32m    LOG[39m [38;5;3m[InstanceLoader] [39m[32mAppModule dependencies initialized[39m[38;5;3m +0ms[39m
[32m[Nest] 130833  - [39m12/07/2025, 1:11:43 PM [32m    LOG[39m [38;5;3m[InstanceLoader] [39m[32mMercadoPagoModule dependencies initialized[39m[38;5;3m +1ms[39m
[32m[Nest] 130833  - [39m12/07/2025, 1:11:43 PM [32m    LOG[39m [38;5;3m[InstanceLoader] [39m[32mConfigModule dependencies initialized[39m[38;5;3m +0ms[39m
[32m[Nest] 130833  - [39m12/07/2025, 1:11:43 PM [32m    LOG[39m [38;5;3m[InstanceLoader] [39m[32mServeStaticModule dependencies initialized[39m[38;5;3m +0ms[39m
[32m[Nest] 130833  - [39m12/07/2025, 1:11:43 PM [32m    LOG[39m [38;5;3m[InstanceLoader] [39m[32mStorageModule dependencies initialized[39m[38;5;3m +0ms[39m
[31m[Nest] 130833  - [39m12/07/2025, 1:11:43 PM [31m  ERROR[39m [38;5;3m[TypeOrmModule] [39m[31mUnable to connect to the database. Retrying (1)...[39m
QueryFailedError: column "name" of relation "categories" contains null values
    at PostgresQueryRunner.query (/home/kalil/work/IFit/node_modules/typeorm/driver/src/driver/postgres/PostgresQueryRunner.ts:325:19)
    at process.processTicksAndRejections (node:internal/process/task_queues:105:5)
    at async PostgresQueryRunner.executeQueries (/home/kalil/work/IFit/node_modules/typeorm/query-runner/src/query-runner/BaseQueryRunner.ts:681:13)
    at async PostgresQueryRunner.addColumn (/home/kalil/work/IFit/node_modules/typeorm/driver/src/driver/postgres/PostgresQueryRunner.ts:1160:9)
    at async PostgresQueryRunner.changeColumn (/home/kalil/work/IFit/node_modules/typeorm/driver/src/driver/postgres/PostgresQueryRunner.ts:1245:13)
    at async PostgresQueryRunner.changeColumns (/home/kalil/work/IFit/node_modules/typeorm/driver/src/driver/postgres/PostgresQueryRunner.ts:2319:13)
    at async RdbmsSchemaBuilder.updateExistColumns (/home/kalil/work/IFit/node_modules/typeorm/schema-builder/src/schema-builder/RdbmsSchemaBuilder.ts:969:13)
    at async RdbmsSchemaBuilder.executeSchemaSyncOperationsInProperOrder (/home/kalil/work/IFit/node_modules/typeorm/schema-builder/src/schema-builder/RdbmsSchemaBuilder.ts:229:9)
    at async RdbmsSchemaBuilder.build (/home/kalil/work/IFit/node_modules/typeorm/schema-builder/src/schema-builder/RdbmsSchemaBuilder.ts:95:13)
    at async DataSource.synchronize (/home/kalil/work/IFit/node_modules/typeorm/data-source/src/data-source/DataSource.ts:340:9)
[31m[Nest] 130833  - [39m12/07/2025, 1:11:46 PM [31m  ERROR[39m [38;5;3m[TypeOrmModule] [39m[31mUnable to connect to the database. Retrying (2)...[39m
QueryFailedError: column "name" of relation "categories" contains null values
    at PostgresQueryRunner.query (/home/kalil/work/IFit/node_modules/typeorm/driver/src/driver/postgres/PostgresQueryRunner.ts:325:19)
    at process.processTicksAndRejections (node:internal/process/task_queues:105:5)
    at async PostgresQueryRunner.executeQueries (/home/kalil/work/IFit/node_modules/typeorm/query-runner/src/query-runner/BaseQueryRunner.ts:681:13)
    at async PostgresQueryRunner.addColumn (/home/kalil/work/IFit/node_modules/typeorm/driver/src/driver/postgres/PostgresQueryRunner.ts:1160:9)
    at async PostgresQueryRunner.changeColumn (/home/kalil/work/IFit/node_modules/typeorm/driver/src/driver/postgres/PostgresQueryRunner.ts:1245:13)
    at async PostgresQueryRunner.changeColumns (/home/kalil/work/IFit/node_modules/typeorm/driver/src/driver/postgres/PostgresQueryRunner.ts:2319:13)
    at async RdbmsSchemaBuilder.updateExistColumns (/home/kalil/work/IFit/node_modules/typeorm/schema-builder/src/schema-builder/RdbmsSchemaBuilder.ts:969:13)
    at async RdbmsSchemaBuilder.executeSchemaSyncOperationsInProperOrder (/home/kalil/work/IFit/node_modules/typeorm/schema-builder/src/schema-builder/RdbmsSchemaBuilder.ts:229:9)
    at async RdbmsSchemaBuilder.build (/home/kalil/work/IFit/node_modules/typeorm/schema-builder/src/schema-builder/RdbmsSchemaBuilder.ts:95:13)
    at async DataSource.synchronize (/home/kalil/work/IFit/node_modules/typeorm/data-source/src/data-source/DataSource.ts:340:9)
[31m[Nest] 130833  - [39m12/07/2025, 1:11:49 PM [31m  ERROR[39m [38;5;3m[TypeOrmModule] [39m[31mUnable to connect to the database. Retrying (3)...[39m
QueryFailedError: column "name" of relation "categories" contains null values
    at PostgresQueryRunner.query (/home/kalil/work/IFit/node_modules/typeorm/driver/src/driver/postgres/PostgresQueryRunner.ts:325:19)
    at process.processTicksAndRejections (node:internal/process/task_queues:105:5)
    at async PostgresQueryRunner.executeQueries (/home/kalil/work/IFit/node_modules/typeorm/query-runner/src/query-runner/BaseQueryRunner.ts:681:13)
    at async PostgresQueryRunner.addColumn (/home/kalil/work/IFit/node_modules/typeorm/driver/src/driver/postgres/PostgresQueryRunner.ts:1160:9)
    at async PostgresQueryRunner.changeColumn (/home/kalil/work/IFit/node_modules/typeorm/driver/src/driver/postgres/PostgresQueryRunner.ts:1245:13)
    at async PostgresQueryRunner.changeColumns (/home/kalil/work/IFit/node_modules/typeorm/driver/src/driver/postgres/PostgresQueryRunner.ts:2319:13)
    at async RdbmsSchemaBuilder.updateExistColumns (/home/kalil/work/IFit/node_modules/typeorm/schema-builder/src/schema-builder/RdbmsSchemaBuilder.ts:969:13)
    at async RdbmsSchemaBuilder.executeSchemaSyncOperationsInProperOrder (/home/kalil/work/IFit/node_modules/typeorm/schema-builder/src/schema-builder/RdbmsSchemaBuilder.ts:229:9)
    at async RdbmsSchemaBuilder.build (/home/kalil/work/IFit/node_modules/typeorm/schema-builder/src/schema-builder/RdbmsSchemaBuilder.ts:95:13)
    at async DataSource.synchronize (/home/kalil/work/IFit/node_modules/typeorm/data-source/src/data-source/DataSource.ts:340:9)
[31m[Nest] 130833  - [39m12/07/2025, 1:11:52 PM [31m  ERROR[39m [38;5;3m[TypeOrmModule] [39m[31mUnable to connect to the database. Retrying (4)...[39m
QueryFailedError: column "name" of relation "categories" contains null values
    at PostgresQueryRunner.query (/home/kalil/work/IFit/node_modules/typeorm/driver/src/driver/postgres/PostgresQueryRunner.ts:325:19)
    at process.processTicksAndRejections (node:internal/process/task_queues:105:5)
    at async PostgresQueryRunner.executeQueries (/home/kalil/work/IFit/node_modules/typeorm/query-runner/src/query-runner/BaseQueryRunner.ts:681:13)
    at async PostgresQueryRunner.addColumn (/home/kalil/work/IFit/node_modules/typeorm/driver/src/driver/postgres/PostgresQueryRunner.ts:1160:9)
    at async PostgresQueryRunner.changeColumn (/home/kalil/work/IFit/node_modules/typeorm/driver/src/driver/postgres/PostgresQueryRunner.ts:1245:13)
    at async PostgresQueryRunner.changeColumns (/home/kalil/work/IFit/node_modules/typeorm/driver/src/driver/postgres/PostgresQueryRunner.ts:2319:13)
    at async RdbmsSchemaBuilder.updateExistColumns (/home/kalil/work/IFit/node_modules/typeorm/schema-builder/src/schema-builder/RdbmsSchemaBuilder.ts:969:13)
    at async RdbmsSchemaBuilder.executeSchemaSyncOperationsInProperOrder (/home/kalil/work/IFit/node_modules/typeorm/schema-builder/src/schema-builder/RdbmsSchemaBuilder.ts:229:9)
    at async RdbmsSchemaBuilder.build (/home/kalil/work/IFit/node_modules/typeorm/schema-builder/src/schema-builder/RdbmsSchemaBuilder.ts:95:13)
    at async DataSource.synchronize (/home/kalil/work/IFit/node_modules/typeorm/data-source/src/data-source/DataSource.ts:340:9)
[31m[Nest] 130833  - [39m12/07/2025, 1:11:55 PM [31m  ERROR[39m [38;5;3m[TypeOrmModule] [39m[31mUnable to connect to the database. Retrying (5)...[39m
QueryFailedError: column "name" of relation "categories" contains null values
    at PostgresQueryRunner.query (/home/kalil/work/IFit/node_modules/typeorm/driver/src/driver/postgres/PostgresQueryRunner.ts:325:19)
    at process.processTicksAndRejections (node:internal/process/task_queues:105:5)
    at async PostgresQueryRunner.executeQueries (/home/kalil/work/IFit/node_modules/typeorm/query-runner/src/query-runner/BaseQueryRunner.ts:681:13)
    at async PostgresQueryRunner.addColumn (/home/kalil/work/IFit/node_modules/typeorm/driver/src/driver/postgres/PostgresQueryRunner.ts:1160:9)
    at async PostgresQueryRunner.changeColumn (/home/kalil/work/IFit/node_modules/typeorm/driver/src/driver/postgres/PostgresQueryRunner.ts:1245:13)
    at async PostgresQueryRunner.changeColumns (/home/kalil/work/IFit/node_modules/typeorm/driver/src/driver/postgres/PostgresQueryRunner.ts:2319:13)
    at async RdbmsSchemaBuilder.updateExistColumns (/home/kalil/work/IFit/node_modules/typeorm/schema-builder/src/schema-builder/RdbmsSchemaBuilder.ts:969:13)
    at async RdbmsSchemaBuilder.executeSchemaSyncOperationsInProperOrder (/home/kalil/work/IFit/node_modules/typeorm/schema-builder/src/schema-builder/RdbmsSchemaBuilder.ts:229:9)
    at async RdbmsSchemaBuilder.build (/home/kalil/work/IFit/node_modules/typeorm/schema-builder/src/schema-builder/RdbmsSchemaBuilder.ts:95:13)
    at async DataSource.synchronize (/home/kalil/work/IFit/node_modules/typeorm/data-source/src/data-source/DataSource.ts:340:9)
[31m[Nest] 130833  - [39m12/07/2025, 1:11:58 PM [31m  ERROR[39m [38;5;3m[TypeOrmModule] [39m[31mUnable to connect to the database. Retrying (6)...[39m
QueryFailedError: column "name" of relation "categories" contains null values
    at PostgresQueryRunner.query (/home/kalil/work/IFit/node_modules/typeorm/driver/src/driver/postgres/PostgresQueryRunner.ts:325:19)
    at process.processTicksAndRejections (node:internal/process/task_queues:105:5)
    at async PostgresQueryRunner.executeQueries (/home/kalil/work/IFit/node_modules/typeorm/query-runner/src/query-runner/BaseQueryRunner.ts:681:13)
    at async PostgresQueryRunner.addColumn (/home/kalil/work/IFit/node_modules/typeorm/driver/src/driver/postgres/PostgresQueryRunner.ts:1160:9)
    at async PostgresQueryRunner.changeColumn (/home/kalil/work/IFit/node_modules/typeorm/driver/src/driver/postgres/PostgresQueryRunner.ts:1245:13)
    at async PostgresQueryRunner.changeColumns (/home/kalil/work/IFit/node_modules/typeorm/driver/src/driver/postgres/PostgresQueryRunner.ts:2319:13)
    at async RdbmsSchemaBuilder.updateExistColumns (/home/kalil/work/IFit/node_modules/typeorm/schema-builder/src/schema-builder/RdbmsSchemaBuilder.ts:969:13)
    at async RdbmsSchemaBuilder.executeSchemaSyncOperationsInProperOrder (/home/kalil/work/IFit/node_modules/typeorm/schema-builder/src/schema-builder/RdbmsSchemaBuilder.ts:229:9)
    at async RdbmsSchemaBuilder.build (/home/kalil/work/IFit/node_modules/typeorm/schema-builder/src/schema-builder/RdbmsSchemaBuilder.ts:95:13)
    at async DataSource.synchronize (/home/kalil/work/IFit/node_modules/typeorm/data-source/src/data-source/DataSource.ts:340:9)
[31m[Nest] 130833  - [39m12/07/2025, 1:12:01 PM [31m  ERROR[39m [38;5;3m[TypeOrmModule] [39m[31mUnable to connect to the database. Retrying (7)...[39m
QueryFailedError: column "name" of relation "categories" contains null values
    at PostgresQueryRunner.query (/home/kalil/work/IFit/node_modules/typeorm/driver/src/driver/postgres/PostgresQueryRunner.ts:325:19)
    at process.processTicksAndRejections (node:internal/process/task_queues:105:5)
    at async PostgresQueryRunner.executeQueries (/home/kalil/work/IFit/node_modules/typeorm/query-runner/src/query-runner/BaseQueryRunner.ts:681:13)
    at async PostgresQueryRunner.addColumn (/home/kalil/work/IFit/node_modules/typeorm/driver/src/driver/postgres/PostgresQueryRunner.ts:1160:9)
    at async PostgresQueryRunner.changeColumn (/home/kalil/work/IFit/node_modules/typeorm/driver/src/driver/postgres/PostgresQueryRunner.ts:1245:13)
    at async PostgresQueryRunner.changeColumns (/home/kalil/work/IFit/node_modules/typeorm/driver/src/driver/postgres/PostgresQueryRunner.ts:2319:13)
    at async RdbmsSchemaBuilder.updateExistColumns (/home/kalil/work/IFit/node_modules/typeorm/schema-builder/src/schema-builder/RdbmsSchemaBuilder.ts:969:13)
    at async RdbmsSchemaBuilder.executeSchemaSyncOperationsInProperOrder (/home/kalil/work/IFit/node_modules/typeorm/schema-builder/src/schema-builder/RdbmsSchemaBuilder.ts:229:9)
    at async RdbmsSchemaBuilder.build (/home/kalil/work/IFit/node_modules/typeorm/schema-builder/src/schema-builder/RdbmsSchemaBuilder.ts:95:13)
    at async DataSource.synchronize (/home/kalil/work/IFit/node_modules/typeorm/data-source/src/data-source/DataSource.ts:340:9)
[31m[Nest] 130833  - [39m12/07/2025, 1:12:04 PM [31m  ERROR[39m [38;5;3m[TypeOrmModule] [39m[31mUnable to connect to the database. Retrying (8)...[39m
QueryFailedError: column "name" of relation "categories" contains null values
    at PostgresQueryRunner.query (/home/kalil/work/IFit/node_modules/typeorm/driver/src/driver/postgres/PostgresQueryRunner.ts:325:19)
    at process.processTicksAndRejections (node:internal/process/task_queues:105:5)
    at async PostgresQueryRunner.executeQueries (/home/kalil/work/IFit/node_modules/typeorm/query-runner/src/query-runner/BaseQueryRunner.ts:681:13)
    at async PostgresQueryRunner.addColumn (/home/kalil/work/IFit/node_modules/typeorm/driver/src/driver/postgres/PostgresQueryRunner.ts:1160:9)
    at async PostgresQueryRunner.changeColumn (/home/kalil/work/IFit/node_modules/typeorm/driver/src/driver/postgres/PostgresQueryRunner.ts:1245:13)
    at async PostgresQueryRunner.changeColumns (/home/kalil/work/IFit/node_modules/typeorm/driver/src/driver/postgres/PostgresQueryRunner.ts:2319:13)
    at async RdbmsSchemaBuilder.updateExistColumns (/home/kalil/work/IFit/node_modules/typeorm/schema-builder/src/schema-builder/RdbmsSchemaBuilder.ts:969:13)
    at async RdbmsSchemaBuilder.executeSchemaSyncOperationsInProperOrder (/home/kalil/work/IFit/node_modules/typeorm/schema-builder/src/schema-builder/RdbmsSchemaBuilder.ts:229:9)
    at async RdbmsSchemaBuilder.build (/home/kalil/work/IFit/node_modules/typeorm/schema-builder/src/schema-builder/RdbmsSchemaBuilder.ts:95:13)
    at async DataSource.synchronize (/home/kalil/work/IFit/node_modules/typeorm/data-source/src/data-source/DataSource.ts:340:9)
[31m[Nest] 130833  - [39m12/07/2025, 1:12:07 PM [31m  ERROR[39m [38;5;3m[TypeOrmModule] [39m[31mUnable to connect to the database. Retrying (9)...[39m
QueryFailedError: column "name" of relation "categories" contains null values
    at PostgresQueryRunner.query (/home/kalil/work/IFit/node_modules/typeorm/driver/src/driver/postgres/PostgresQueryRunner.ts:325:19)
    at process.processTicksAndRejections (node:internal/process/task_queues:105:5)
    at async PostgresQueryRunner.executeQueries (/home/kalil/work/IFit/node_modules/typeorm/query-runner/src/query-runner/BaseQueryRunner.ts:681:13)
    at async PostgresQueryRunner.addColumn (/home/kalil/work/IFit/node_modules/typeorm/driver/src/driver/postgres/PostgresQueryRunner.ts:1160:9)
    at async PostgresQueryRunner.changeColumn (/home/kalil/work/IFit/node_modules/typeorm/driver/src/driver/postgres/PostgresQueryRunner.ts:1245:13)
    at async PostgresQueryRunner.changeColumns (/home/kalil/work/IFit/node_modules/typeorm/driver/src/driver/postgres/PostgresQueryRunner.ts:2319:13)
    at async RdbmsSchemaBuilder.updateExistColumns (/home/kalil/work/IFit/node_modules/typeorm/schema-builder/src/schema-builder/RdbmsSchemaBuilder.ts:969:13)
    at async RdbmsSchemaBuilder.executeSchemaSyncOperationsInProperOrder (/home/kalil/work/IFit/node_modules/typeorm/schema-builder/src/schema-builder/RdbmsSchemaBuilder.ts:229:9)
    at async RdbmsSchemaBuilder.build (/home/kalil/work/IFit/node_modules/typeorm/schema-builder/src/schema-builder/RdbmsSchemaBuilder.ts:95:13)
    at async DataSource.synchronize (/home/kalil/work/IFit/node_modules/typeorm/data-source/src/data-source/DataSource.ts:340:9)
[31m[Nest] 130833  - [39m12/07/2025, 1:12:07 PM [31m  ERROR[39m [38;5;3m[ExceptionHandler] [39mQueryFailedError: column "name" of relation "categories" contains null values
    at PostgresQueryRunner.query [90m(/home/kalil/work/IFit/[39mnode_modules/[4mtypeorm[24m/driver/src/driver/postgres/PostgresQueryRunner.ts:325:19[90m)[39m
[90m    at process.processTicksAndRejections (node:internal/process/task_queues:105:5)[39m
    at async PostgresQueryRunner.executeQueries [90m(/home/kalil/work/IFit/[39mnode_modules/[4mtypeorm[24m/query-runner/src/query-runner/BaseQueryRunner.ts:681:13[90m)[39m
    at async PostgresQueryRunner.addColumn [90m(/home/kalil/work/IFit/[39mnode_modules/[4mtypeorm[24m/driver/src/driver/postgres/PostgresQueryRunner.ts:1160:9[90m)[39m
    at async PostgresQueryRunner.changeColumn [90m(/home/kalil/work/IFit/[39mnode_modules/[4mtypeorm[24m/driver/src/driver/postgres/PostgresQueryRunner.ts:1245:13[90m)[39m
    at async PostgresQueryRunner.changeColumns [90m(/home/kalil/work/IFit/[39mnode_modules/[4mtypeorm[24m/driver/src/driver/postgres/PostgresQueryRunner.ts:2319:13[90m)[39m
    at async RdbmsSchemaBuilder.updateExistColumns [90m(/home/kalil/work/IFit/[39mnode_modules/[4mtypeorm[24m/schema-builder/src/schema-builder/RdbmsSchemaBuilder.ts:969:13[90m)[39m
    at async RdbmsSchemaBuilder.executeSchemaSyncOperationsInProperOrder [90m(/home/kalil/work/IFit/[39mnode_modules/[4mtypeorm[24m/schema-builder/src/schema-builder/RdbmsSchemaBuilder.ts:229:9[90m)[39m
    at async RdbmsSchemaBuilder.build [90m(/home/kalil/work/IFit/[39mnode_modules/[4mtypeorm[24m/schema-builder/src/schema-builder/RdbmsSchemaBuilder.ts:95:13[90m)[39m
    at async DataSource.synchronize [90m(/home/kalil/work/IFit/[39mnode_modules/[4mtypeorm[24m/data-source/src/data-source/DataSource.ts:340:9[90m)[39m {
  query: [32m'ALTER TABLE "categories" ADD "name" character varying NOT NULL'[39m,
  parameters: [90mundefined[39m,
  driverError: error: column "name" of relation "categories" contains null values
      at [90m/home/kalil/work/IFit/[39mnode_modules/[4mpg[24m/lib/client.js:545:17
  [90m    at process.processTicksAndRejections (node:internal/process/task_queues:105:5)[39m
      at async PostgresQueryRunner.query [90m(/home/kalil/work/IFit/[39mnode_modules/[4mtypeorm[24m/driver/src/driver/postgres/PostgresQueryRunner.ts:254:25[90m)[39m
      at async PostgresQueryRunner.executeQueries [90m(/home/kalil/work/IFit/[39mnode_modules/[4mtypeorm[24m/query-runner/src/query-runner/BaseQueryRunner.ts:681:13[90m)[39m
      at async PostgresQueryRunner.addColumn [90m(/home/kalil/work/IFit/[39mnode_modules/[4mtypeorm[24m/driver/src/driver/postgres/PostgresQueryRunner.ts:1160:9[90m)[39m
      at async PostgresQueryRunner.changeColumn [90m(/home/kalil/work/IFit/[39mnode_modules/[4mtypeorm[24m/driver/src/driver/postgres/PostgresQueryRunner.ts:1245:13[90m)[39m
      at async PostgresQueryRunner.changeColumns [90m(/home/kalil/work/IFit/[39mnode_modules/[4mtypeorm[24m/driver/src/driver/postgres/PostgresQueryRunner.ts:2319:13[90m)[39m
      at async RdbmsSchemaBuilder.updateExistColumns [90m(/home/kalil/work/IFit/[39mnode_modules/[4mtypeorm[24m/schema-builder/src/schema-builder/RdbmsSchemaBuilder.ts:969:13[90m)[39m
      at async RdbmsSchemaBuilder.executeSchemaSyncOperationsInProperOrder [90m(/home/kalil/work/IFit/[39mnode_modules/[4mtypeorm[24m/schema-builder/src/schema-builder/RdbmsSchemaBuilder.ts:229:9[90m)[39m
      at async RdbmsSchemaBuilder.build [90m(/home/kalil/work/IFit/[39mnode_modules/[4mtypeorm[24m/schema-builder/src/schema-builder/RdbmsSchemaBuilder.ts:95:13[90m)[39m {
    length: [33m148[39m,
    severity: [32m'ERROR'[39m,
    code: [32m'23502'[39m,
    detail: [90mundefined[39m,
    hint: [90mundefined[39m,
    position: [90mundefined[39m,
    internalPosition: [90mundefined[39m,
    internalQuery: [90mundefined[39m,
    where: [90mundefined[39m,
    schema: [32m'public'[39m,
    table: [32m'categories'[39m,
    column: [32m'name'[39m,
    dataType: [90mundefined[39m,
    constraint: [90mundefined[39m,
    file: [32m'tablecmds.c'[39m,
    line: [32m'6279'[39m,
    routine: [32m'ATRewriteTable'[39m
  },
  length: [33m148[39m,
  severity: [32m'ERROR'[39m,
  code: [32m'23502'[39m,
  detail: [90mundefined[39m,
  hint: [90mundefined[39m,
  position: [90mundefined[39m,
  internalPosition: [90mundefined[39m,
  internalQuery: [90mundefined[39m,
  where: [90mundefined[39m,
  schema: [32m'public'[39m,
  table: [32m'categories'[39m,
  column: [32m'name'[39m,
  dataType: [90mundefined[39m,
  constraint: [90mundefined[39m,
  file: [32m'tablecmds.c'[39m,
  line: [32m'6279'[39m,
  routine: [32m'ATRewriteTable'[39m
}
