{"context":"RoutesResolver","level":"info","message":"ConfigController {/config}:","timestamp":"2025-12-10T06:58:23.984Z"}
{"context":"RouterExplorer","level":"info","message":"Mapped {/config, GET} route","timestamp":"2025-12-10T06:58:23.987Z"}
{"context":"RoutesResolver","level":"info","message":"MercadoPagoController {/payment}:","timestamp":"2025-12-10T06:58:23.988Z"}
{"context":"RouterExplorer","level":"info","message":"Mapped {/payment, POST} route","timestamp":"2025-12-10T06:58:23.988Z"}
{"context":"RoutesResolver","level":"info","message":"ProductsController {/products}:","timestamp":"2025-12-10T06:58:23.989Z"}
{"context":"RouterExplorer","level":"info","message":"Mapped {/products, POST} route","timestamp":"2025-12-10T06:58:23.989Z"}
{"context":"RouterExplorer","level":"info","message":"Mapped {/products, GET} route","timestamp":"2025-12-10T06:58:23.990Z"}
{"context":"RouterExplorer","level":"info","message":"Mapped {/products/new, GET} route","timestamp":"2025-12-10T06:58:23.990Z"}
{"context":"RouterExplorer","level":"info","message":"Mapped {/products/highlighted, GET} route","timestamp":"2025-12-10T06:58:23.991Z"}
{"context":"RouterExplorer","level":"info","message":"Mapped {/products/discounted, GET} route","timestamp":"2025-12-10T06:58:23.991Z"}
{"context":"RouterExplorer","level":"info","message":"Mapped {/products/:id, GET} route","timestamp":"2025-12-10T06:58:23.992Z"}
{"context":"RouterExplorer","level":"info","message":"Mapped {/products/:productId/images, GET} route","timestamp":"2025-12-10T06:58:23.993Z"}
{"context":"RouterExplorer","level":"info","message":"Mapped {/products/original-price/:id, GET} route","timestamp":"2025-12-10T06:58:23.993Z"}
{"context":"RouterExplorer","level":"info","message":"Mapped {/products/discount-price/:id, GET} route","timestamp":"2025-12-10T06:58:23.993Z"}
{"context":"RouterExplorer","level":"info","message":"Mapped {/products/price/:id, GET} route","timestamp":"2025-12-10T06:58:23.994Z"}
{"context":"RouterExplorer","level":"info","message":"Mapped {/products/total, POST} route","timestamp":"2025-12-10T06:58:23.994Z"}
{"context":"RouterExplorer","level":"info","message":"Mapped {/products/finalTotal, POST} route","timestamp":"2025-12-10T06:58:23.994Z"}
{"context":"RouterExplorer","level":"info","message":"Mapped {/products/:id, PUT} route","timestamp":"2025-12-10T06:58:23.994Z"}
{"context":"RouterExplorer","level":"info","message":"Mapped {/products/:id, DELETE} route","timestamp":"2025-12-10T06:58:23.995Z"}
{"context":"RoutesResolver","level":"info","message":"UsersController {/users}:","timestamp":"2025-12-10T06:58:23.995Z"}
{"context":"RouterExplorer","level":"info","message":"Mapped {/users, POST} route","timestamp":"2025-12-10T06:58:23.995Z"}
{"context":"RouterExplorer","level":"info","message":"Mapped {/users, GET} route","timestamp":"2025-12-10T06:58:23.995Z"}
{"context":"RouterExplorer","level":"info","message":"Mapped {/users/:id, GET} route","timestamp":"2025-12-10T06:58:23.996Z"}
{"context":"RouterExplorer","level":"info","message":"Mapped {/users/:id, PUT} route","timestamp":"2025-12-10T06:58:23.996Z"}
{"context":"RouterExplorer","level":"info","message":"Mapped {/users/:id, DELETE} route","timestamp":"2025-12-10T06:58:23.996Z"}
{"context":"RoutesResolver","level":"info","message":"StorageController {/upload}:","timestamp":"2025-12-10T06:58:23.996Z"}
{"context":"RouterExplorer","level":"info","message":"Mapped {/upload/from-directory, GET} route","timestamp":"2025-12-10T06:58:23.997Z"}
{"context":"RoutesResolver","level":"info","message":"SalesController {/sales}:","timestamp":"2025-12-10T06:58:23.997Z"}
{"context":"RouterExplorer","level":"info","message":"Mapped {/sales, POST} route","timestamp":"2025-12-10T06:58:23.997Z"}
{"context":"RouterExplorer","level":"info","message":"Mapped {/sales/shipping, POST} route","timestamp":"2025-12-10T06:58:23.997Z"}
{"context":"RoutesResolver","level":"info","message":"AuthController {/auth}:","timestamp":"2025-12-10T06:58:23.997Z"}
{"context":"RouterExplorer","level":"info","message":"Mapped {/auth/login, POST} route","timestamp":"2025-12-10T06:58:23.998Z"}
{"context":"NestApplication","level":"info","message":"Nest application successfully started","timestamp":"2025-12-10T06:58:24.006Z"}
